1648478041.815624 client started (137936): version 3.0a, socket /tmp/tmux-1000/default, protocol 8
1648478041.815692 on Linux 5.13.0-37-generic #42~20.04.1-Ubuntu SMP Tue Mar 15 15:44:28 UTC 2022; libevent 2.1.11-stable (poll)
1648478041.815737 socket is /tmp/tmux-1000/default
1648478041.815761 trying connect
1648478041.815929 add peer 0x556cf2700ea0: 6 ((nil))
1648478041.816097 sending message 100 to peer 0x556cf2700ea0 (4 bytes)
1648478041.816116 sending message 101 to peer 0x556cf2700ea0 (15 bytes)
1648478041.816127 sending message 102 to peer 0x556cf2700ea0 (11 bytes)
1648478041.816138 sending message 108 to peer 0x556cf2700ea0 (22 bytes)
1648478041.816151 sending message 104 to peer 0x556cf2700ea0 (0 bytes)
1648478041.816164 sending message 107 to peer 0x556cf2700ea0 (4 bytes)
1648478041.816174 sending message 105 to peer 0x556cf2700ea0 (26 bytes)
1648478041.816185 sending message 105 to peer 0x556cf2700ea0 (13 bytes)
1648478041.816195 sending message 105 to peer 0x556cf2700ea0 (45 bytes)
1648478041.816205 sending message 105 to peer 0x556cf2700ea0 (19 bytes)
1648478041.816216 sending message 105 to peer 0x556cf2700ea0 (21 bytes)
1648478041.816226 sending message 105 to peer 0x556cf2700ea0 (20 bytes)
1648478041.816235 sending message 105 to peer 0x556cf2700ea0 (29 bytes)
1648478041.816245 sending message 105 to peer 0x556cf2700ea0 (16 bytes)
1648478041.816255 sending message 105 to peer 0x556cf2700ea0 (27 bytes)
1648478041.816265 sending message 105 to peer 0x556cf2700ea0 (63 bytes)
1648478041.816275 sending message 105 to peer 0x556cf2700ea0 (25 bytes)
1648478041.816285 sending message 105 to peer 0x556cf2700ea0 (41 bytes)
1648478041.816295 sending message 105 to peer 0x556cf2700ea0 (27 bytes)
1648478041.816305 sending message 105 to peer 0x556cf2700ea0 (24 bytes)
1648478041.816315 sending message 105 to peer 0x556cf2700ea0 (52 bytes)
1648478041.816325 sending message 105 to peer 0x556cf2700ea0 (23 bytes)
1648478041.816335 sending message 105 to peer 0x556cf2700ea0 (25 bytes)
1648478041.816345 sending message 105 to peer 0x556cf2700ea0 (20 bytes)
1648478041.816355 sending message 105 to peer 0x556cf2700ea0 (8 bytes)
1648478041.816365 sending message 105 to peer 0x556cf2700ea0 (13 bytes)
1648478041.816397 sending message 105 to peer 0x556cf2700ea0 (47 bytes)
1648478041.816409 sending message 105 to peer 0x556cf2700ea0 (20 bytes)
1648478041.816419 sending message 105 to peer 0x556cf2700ea0 (29 bytes)
1648478041.816430 sending message 105 to peer 0x556cf2700ea0 (19 bytes)
1648478041.816440 sending message 105 to peer 0x556cf2700ea0 (19 bytes)
1648478041.816451 sending message 105 to peer 0x556cf2700ea0 (44 bytes)
1648478041.816462 sending message 105 to peer 0x556cf2700ea0 (23 bytes)
1648478041.816472 sending message 105 to peer 0x556cf2700ea0 (20 bytes)
1648478041.816483 sending message 105 to peer 0x556cf2700ea0 (20 bytes)
1648478041.816493 sending message 105 to peer 0x556cf2700ea0 (18 bytes)
1648478041.816503 sending message 105 to peer 0x556cf2700ea0 (41 bytes)
1648478041.816513 sending message 105 to peer 0x556cf2700ea0 (30 bytes)
1648478041.816523 sending message 105 to peer 0x556cf2700ea0 (17 bytes)
1648478041.816534 sending message 105 to peer 0x556cf2700ea0 (85 bytes)
1648478041.816544 sending message 105 to peer 0x556cf2700ea0 (58 bytes)
1648478041.816554 sending message 105 to peer 0x556cf2700ea0 (23 bytes)
1648478041.816564 sending message 105 to peer 0x556cf2700ea0 (11 bytes)
1648478041.816574 sending message 105 to peer 0x556cf2700ea0 (20 bytes)
1648478041.816585 sending message 105 to peer 0x556cf2700ea0 (21 bytes)
1648478041.816595 sending message 105 to peer 0x556cf2700ea0 (19 bytes)
1648478041.816606 sending message 105 to peer 0x556cf2700ea0 (23 bytes)
1648478041.816616 sending message 105 to peer 0x556cf2700ea0 (335 bytes)
1648478041.816628 sending message 105 to peer 0x556cf2700ea0 (12 bytes)
1648478041.816638 sending message 105 to peer 0x556cf2700ea0 (31 bytes)
1648478041.816648 sending message 105 to peer 0x556cf2700ea0 (33 bytes)
1648478041.816659 sending message 105 to peer 0x556cf2700ea0 (16 bytes)
1648478041.816685 sending message 105 to peer 0x556cf2700ea0 (23 bytes)
1648478041.816696 sending message 105 to peer 0x556cf2700ea0 (15 bytes)
1648478041.816706 sending message 105 to peer 0x556cf2700ea0 (18 bytes)
1648478041.816716 sending message 105 to peer 0x556cf2700ea0 (15 bytes)
1648478041.816727 sending message 105 to peer 0x556cf2700ea0 (82 bytes)
1648478041.816737 sending message 105 to peer 0x556cf2700ea0 (36 bytes)
1648478041.816747 sending message 105 to peer 0x556cf2700ea0 (18 bytes)
1648478041.816758 sending message 105 to peer 0x556cf2700ea0 (54 bytes)
1648478041.816768 sending message 105 to peer 0x556cf2700ea0 (24 bytes)
1648478041.816779 sending message 105 to peer 0x556cf2700ea0 (32 bytes)
1648478041.816790 sending message 105 to peer 0x556cf2700ea0 (28 bytes)
1648478041.816800 sending message 105 to peer 0x556cf2700ea0 (79 bytes)
1648478041.816810 sending message 105 to peer 0x556cf2700ea0 (23 bytes)
1648478041.816820 sending message 105 to peer 0x556cf2700ea0 (18 bytes)
1648478041.816830 sending message 105 to peer 0x556cf2700ea0 (33 bytes)
1648478041.816841 sending message 106 to peer 0x556cf2700ea0 (0 bytes)
1648478041.816852 sending message 200 to peer 0x556cf2700ea0 (4 bytes)
1648478041.816862 client loop enter
1648478041.823055 peer 0x556cf2700ea0 message 207
1648478041.823094 sending message 208 to peer 0x556cf2700ea0 (0 bytes)
1648478047.256928 client loop exit
